<?xml version="1.0" encoding="UTF-8"?>
<testng-results ignored="0" total="1" passed="1" failed="0" skipped="0">
  <reporter-output>
    <line>
      <![CDATA[my test case is passed]]>
    </line>
  </reporter-output>
  <suite started-at="2024-10-10T21:01:52 IST" name="Default suite" finished-at="2024-10-10T21:02:21 IST" duration-ms="28439">
    <groups>
    </groups>
    <test started-at="2024-10-10T21:01:52 IST" name="Default test" finished-at="2024-10-10T21:02:21 IST" duration-ms="28439">
      <class name="com.airline.automation.Airline_Automation.Login_Test">
        <test-method is-config="true" signature="Launch()[pri:0, instance:com.airline.automation.Airline_Automation.Login_Test@bae7dc0]" started-at="2024-10-10T21:01:52 IST" name="Launch" finished-at="2024-10-10T21:02:04 IST" duration-ms="11547" status="PASS">
          <reporter-output>
          </reporter-output>
        </test-method> <!-- Launch -->
        <test-method signature="login()[pri:0, instance:com.airline.automation.Airline_Automation.Login_Test@bae7dc0]" started-at="2024-10-10T21:02:04 IST" name="login" finished-at="2024-10-10T21:02:18 IST" duration-ms="14550" status="PASS">
          <reporter-output>
            <line>
              <![CDATA[my test case is passed]]>
            </line>
          </reporter-output>
        </test-method> <!-- login -->
        <test-method is-config="true" signature="Quit()[pri:0, instance:com.airline.automation.Airline_Automation.Login_Test@bae7dc0]" started-at="2024-10-10T21:02:19 IST" name="Quit" finished-at="2024-10-10T21:02:21 IST" duration-ms="2003" status="PASS">
          <reporter-output>
          </reporter-output>
        </test-method> <!-- Quit -->
      </class> <!-- com.airline.automation.Airline_Automation.Login_Test -->
    </test> <!-- Default test -->
  </suite> <!-- Default suite -->
</testng-results>
